<?xml version="1.0" encoding="UTF-8"?>
<testsuite xmlns:xsi="http://www.w3.org/2001/XMLSchema-instance" xsi:noNamespaceSchemaLocation="https://maven.apache.org/surefire/maven-surefire-plugin/xsd/surefire-test-report.xsd" name="tn.esprit.rh.achat.test.OperateurServiceImplTest" time="24.732" tests="5" errors="0" skipped="0" failures="0">
  <properties>
[...]
</properties>
  <testcase name="updateOperateur" classname="tn.esprit.rh.achat.test.OperateurServiceImplTest" time="0.175"/>
  <testcase name="retrieveOperateurTest" classname="tn.esprit.rh.achat.test.OperateurServiceImplTest" time="0"/>
  <testcase name="deleteOperateurTest" classname="tn.esprit.rh.achat.test.OperateurServiceImplTest" time="0.044"/>
  <testcase name="addOperateurTest" classname="tn.esprit.rh.achat.test.OperateurServiceImplTest" time="0.008"/>
  <testcase name="retrieveAllOperateursTest" classname="tn.esprit.rh.achat.test.OperateurServiceImplTest" time="0.014"/>
</testsuite>