<?xml version="1.0" encoding="UTF-8"?>
<testsuite xmlns:xsi="http://www.w3.org/2001/XMLSchema-instance" xsi:noNamespaceSchemaLocation="https://maven.apache.org/surefire/maven-surefire-plugin/xsd/surefire-test-report.xsd" name="tn.esprit.rh.achat.test.ProduitServiceImplTest" time="12.743" tests="5" errors="0" skipped="0" failures="0">
  <properties>
[...]
</properties>
  <testcase name="addProduitTest" classname="tn.esprit.rh.achat.test.ProduitServiceImplTest" time="0.12"/>
  <testcase name="testGetallProducts" classname="tn.esprit.rh.achat.test.ProduitServiceImplTest" time="0.008"/>
  <testcase name="testGetProduct" classname="tn.esprit.rh.achat.test.ProduitServiceImplTest" time="0.009"/>
  <testcase name="testUpdateProduct" classname="tn.esprit.rh.achat.test.ProduitServiceImplTest" time="0.007"/>
  <testcase name="deleteUserTest" classname="tn.esprit.rh.achat.test.ProduitServiceImplTest" time="0.026"/>
</testsuite>